<?xml version="1.0" encoding="UTF-8"?>
<testsuite name="DataDrivenSample.DataDrivenExcel.DatDrivenExcelTest" time="5.09" tests="3" errors="0" skipped="0" failures="0">
  <properties>
[...]
</properties>
  <testcase name="testSignUp" classname="DataDrivenSample.DataDrivenExcel.DatDrivenExcelTest" time="5.09"/>
  <testcase name="testSignUp" classname="DataDrivenSample.DataDrivenExcel.DatDrivenExcelTest" time="0.84"/>
  <testcase name="testSignUp" classname="DataDrivenSample.DataDrivenExcel.DatDrivenExcelTest" time="0.732"/>
</testsuite>